<?xml version="1.0" encoding="UTF-8"?>
<!-- Generated by org.testng.reporters.JUnitReportReporter -->
<testsuite hostname="Krishnamohan-E121" failures="0" tests="1" name="Tests.NakuriUpdateTest" time="42.965" errors="0" timestamp="2025-03-05T14:57:54 IST" skipped="0">
  <testcase classname="Tests.NakuriUpdateTest" name="Nakuriupdate" time="42.965"/>
  <system-out/>
</testsuite> <!-- Tests.NakuriUpdateTest -->
