<?xml version="1.0" encoding="UTF-8"?>
<!-- Generated by org.testng.reporters.JUnitReportReporter -->
<testsuite hostname="Krishnamohan-E121" failures="0" tests="1" name="Tests.NakuriUpdateTest" time="43.278" errors="0" timestamp="2025-03-03T16:59:15 IST" skipped="0">
  <testcase classname="Tests.NakuriUpdateTest" name="Nakuriupdate" time="43.278"/>
  <system-out/>
</testsuite> <!-- Tests.NakuriUpdateTest -->
